<?xml version="1.0" encoding="UTF-8"?>
<coverage generated="1784957290061" clover="3.2.0">
  <project timestamp="1784957290061" name="All files">
    <metrics statements="155" coveredstatements="139" conditionals="94" coveredconditionals="75" methods="56" coveredmethods="53" elements="305" coveredelements="267" complexity="0" loc="155" ncloc="155" packages="1" files="7" classes="7"/>
    <file name="App.js" path="/Users/richardburns/Documents/GitHub/SDC445_Interface_Design_II/Horse_Manager_ricbur1110-project-app/src/App.js">
      <metrics statements="116" coveredstatements="105" conditionals="64" coveredconditionals="48" methods="38" coveredmethods="37"/>
      <line num="10" count="8" type="cond" truecount="1" falsecount="1"/>
      <line num="17" count="13" type="cond" truecount="1" falsecount="1"/>
      <line num="19" count="13" type="cond" truecount="2" falsecount="0"/>
      <line num="20" count="12" type="cond" truecount="1" falsecount="1"/>
      <line num="21" count="0" type="stmt"/>
      <line num="23" count="12" type="stmt"/>
      <line num="27" count="37" type="stmt"/>
      <line num="35" count="21" type="stmt"/>
      <line num="41" count="1" type="stmt"/>
      <line num="44" count="2" type="stmt"/>
      <line num="67" count="7" type="cond" truecount="1" falsecount="1"/>
      <line num="68" count="7" type="stmt"/>
      <line num="69" count="7" type="stmt"/>
      <line num="70" count="7" type="cond" truecount="1" falsecount="1"/>
      <line num="75" count="0" type="stmt"/>
      <line num="77" count="7" type="stmt"/>
      <line num="85" count="7" type="cond" truecount="1" falsecount="1"/>
      <line num="86" count="7" type="stmt"/>
      <line num="87" count="7" type="stmt"/>
      <line num="93" count="37" type="stmt"/>
      <line num="134" count="7" type="stmt"/>
      <line num="139" count="1" type="stmt"/>
      <line num="151" count="37" type="stmt"/>
      <line num="152" count="37" type="stmt"/>
      <line num="153" count="37" type="stmt"/>
      <line num="154" count="37" type="stmt"/>
      <line num="155" count="37" type="stmt"/>
      <line num="156" count="37" type="stmt"/>
      <line num="157" count="37" type="stmt"/>
      <line num="158" count="37" type="stmt"/>
      <line num="159" count="37" type="stmt"/>
      <line num="160" count="37" type="stmt"/>
      <line num="161" count="37" type="stmt"/>
      <line num="162" count="37" type="stmt"/>
      <line num="163" count="37" type="stmt"/>
      <line num="166" count="6" type="stmt"/>
      <line num="167" count="6" type="stmt"/>
      <line num="168" count="6" type="stmt"/>
      <line num="169" count="6" type="stmt"/>
      <line num="170" count="6" type="stmt"/>
      <line num="171" count="6" type="stmt"/>
      <line num="172" count="6" type="stmt"/>
      <line num="176" count="7" type="stmt"/>
      <line num="177" count="7" type="stmt"/>
      <line num="178" count="7" type="cond" truecount="2" falsecount="0"/>
      <line num="179" count="1" type="stmt"/>
      <line num="180" count="1" type="stmt"/>
      <line num="181" count="1" type="stmt"/>
      <line num="184" count="6" type="stmt"/>
      <line num="192" count="6" type="cond" truecount="2" falsecount="0"/>
      <line num="193" count="1" type="stmt"/>
      <line num="194" count="1" type="stmt"/>
      <line num="195" count="2" type="cond" truecount="2" falsecount="0"/>
      <line num="198" count="1" type="stmt"/>
      <line num="200" count="5" type="stmt"/>
      <line num="207" count="5" type="stmt"/>
      <line num="209" count="6" type="stmt"/>
      <line num="213" count="1" type="stmt"/>
      <line num="214" count="1" type="cond" truecount="1" falsecount="1"/>
      <line num="215" count="0" type="stmt"/>
      <line num="216" count="0" type="stmt"/>
      <line num="219" count="1" type="cond" truecount="1" falsecount="1"/>
      <line num="220" count="1" type="cond" truecount="1" falsecount="1"/>
      <line num="221" count="1" type="cond" truecount="1" falsecount="1"/>
      <line num="222" count="1" type="cond" truecount="1" falsecount="1"/>
      <line num="223" count="1" type="cond" truecount="2" falsecount="0"/>
      <line num="224" count="1" type="stmt"/>
      <line num="225" count="1" type="stmt"/>
      <line num="226" count="1" type="stmt"/>
      <line num="230" count="2" type="stmt"/>
      <line num="231" count="2" type="cond" truecount="1" falsecount="1"/>
      <line num="232" count="0" type="stmt"/>
      <line num="233" count="0" type="stmt"/>
      <line num="236" count="2" type="stmt"/>
      <line num="239" count="2" type="cond" truecount="2" falsecount="0"/>
      <line num="240" count="1" type="stmt"/>
      <line num="241" count="1" type="stmt"/>
      <line num="244" count="2" type="stmt"/>
      <line num="245" count="1" type="cond" truecount="1" falsecount="1"/>
      <line num="246" count="1" type="stmt"/>
      <line num="250" count="3" type="stmt"/>
      <line num="251" count="3" type="stmt"/>
      <line num="252" count="3" type="stmt"/>
      <line num="253" count="3" type="cond" truecount="5" falsecount="0"/>
      <line num="254" count="1" type="stmt"/>
      <line num="255" count="1" type="stmt"/>
      <line num="258" count="2" type="stmt"/>
      <line num="259" count="2" type="stmt"/>
      <line num="265" count="1" type="stmt"/>
      <line num="268" count="2" type="stmt"/>
      <line num="269" count="2" type="stmt"/>
      <line num="270" count="2" type="stmt"/>
      <line num="271" count="2" type="stmt"/>
      <line num="275" count="1" type="stmt"/>
      <line num="276" count="1" type="cond" truecount="1" falsecount="1"/>
      <line num="277" count="0" type="stmt"/>
      <line num="278" count="0" type="stmt"/>
      <line num="281" count="1" type="cond" truecount="1" falsecount="1"/>
      <line num="282" count="0" type="stmt"/>
      <line num="283" count="0" type="stmt"/>
      <line num="286" count="1" type="stmt"/>
      <line num="287" count="2" type="stmt"/>
      <line num="289" count="1" type="stmt"/>
      <line num="292" count="37" type="stmt"/>
      <line num="298" count="6" type="stmt"/>
      <line num="299" count="6" type="stmt"/>
      <line num="300" count="6" type="stmt"/>
      <line num="310" count="2" type="stmt"/>
      <line num="324" count="2" type="stmt"/>
      <line num="359" count="2" type="stmt"/>
      <line num="405" count="0" type="stmt"/>
      <line num="411" count="37" type="stmt"/>
      <line num="415" count="37" type="stmt"/>
      <line num="442" count="2" type="stmt"/>
      <line num="444" count="2" type="stmt"/>
      <line num="445" count="2" type="stmt"/>
    </file>
    <file name="Button.js" path="/Users/richardburns/Documents/GitHub/SDC445_Interface_Design_II/Horse_Manager_ricbur1110-project-app/src/Button.js">
      <metrics statements="2" coveredstatements="0" conditionals="0" coveredconditionals="0" methods="1" coveredmethods="0"/>
      <line num="2" count="0" type="stmt"/>
      <line num="3" count="0" type="stmt"/>
    </file>
    <file name="ErrorBoundary.js" path="/Users/richardburns/Documents/GitHub/SDC445_Interface_Design_II/Horse_Manager_ricbur1110-project-app/src/ErrorBoundary.js">
      <metrics statements="8" coveredstatements="7" conditionals="2" coveredconditionals="2" methods="5" coveredmethods="4"/>
      <line num="5" count="3" type="stmt"/>
      <line num="6" count="2" type="stmt"/>
      <line num="10" count="2" type="stmt"/>
      <line num="14" count="1" type="stmt"/>
      <line num="18" count="4" type="cond" truecount="2" falsecount="0"/>
      <line num="19" count="2" type="stmt"/>
      <line num="23" count="0" type="stmt"/>
      <line num="30" count="2" type="stmt"/>
    </file>
    <file name="HorseGraphic.js" path="/Users/richardburns/Documents/GitHub/SDC445_Interface_Design_II/Horse_Manager_ricbur1110-project-app/src/HorseGraphic.js">
      <metrics statements="19" coveredstatements="19" conditionals="14" coveredconditionals="14" methods="7" coveredmethods="7"/>
      <line num="13" count="1" type="stmt"/>
      <line num="23" count="2" type="cond" truecount="2" falsecount="0"/>
      <line num="24" count="15" type="cond" truecount="2" falsecount="0"/>
      <line num="25" count="2" type="stmt"/>
      <line num="26" count="2" type="stmt"/>
      <line num="28" count="10" type="stmt"/>
      <line num="29" count="10" type="stmt"/>
      <line num="33" count="2" type="stmt"/>
      <line num="35" count="2" type="cond" truecount="2" falsecount="0"/>
      <line num="38" count="1" type="stmt"/>
      <line num="42" count="2" type="stmt"/>
      <line num="52" count="2" type="stmt"/>
      <line num="73" count="2" type="stmt"/>
      <line num="74" count="2" type="cond" truecount="2" falsecount="0"/>
      <line num="75" count="2" type="cond" truecount="2" falsecount="0"/>
      <line num="76" count="2" type="stmt"/>
      <line num="79" count="2" type="stmt"/>
      <line num="90" count="2" type="stmt"/>
      <line num="111" count="2" type="stmt"/>
    </file>
    <file name="TextField.js" path="/Users/richardburns/Documents/GitHub/SDC445_Interface_Design_II/Horse_Manager_ricbur1110-project-app/src/TextField.js">
      <metrics statements="2" coveredstatements="2" conditionals="14" coveredconditionals="11" methods="2" coveredmethods="2"/>
      <line num="12" count="185" type="stmt"/>
      <line num="25" count="2479" type="stmt"/>
    </file>
    <file name="form.js" path="/Users/richardburns/Documents/GitHub/SDC445_Interface_Design_II/Horse_Manager_ricbur1110-project-app/src/form.js">
      <metrics statements="6" coveredstatements="6" conditionals="0" coveredconditionals="0" methods="3" coveredmethods="3"/>
      <line num="3" count="1" type="stmt"/>
      <line num="4" count="1" type="stmt"/>
      <line num="5" count="1" type="stmt"/>
      <line num="8" count="37" type="stmt"/>
      <line num="13" count="185" type="stmt"/>
      <line num="18" count="37" type="stmt"/>
    </file>
    <file name="index.js" path="/Users/richardburns/Documents/GitHub/SDC445_Interface_Design_II/Horse_Manager_ricbur1110-project-app/src/index.js">
      <metrics statements="2" coveredstatements="0" conditionals="0" coveredconditionals="0" methods="0" coveredmethods="0"/>
      <line num="7" count="0" type="stmt"/>
      <line num="9" count="0" type="stmt"/>
    </file>
  </project>
</coverage>
