{"/Users/richardburns/Documents/GitHub/SDC445_Interface_Design_II/Horse_Manager_ricbur1110-project-app/src/App.js": {"path":"/Users/richardburns/Documents/GitHub/SDC445_Interface_Design_II/Horse_Manager_ricbur1110-project-app/src/App.js","statementMap":{"0":{"start":{"line":10,"column":2},"end":{"line":13,"column":25}},"1":{"start":{"line":17,"column":22},"end":{"line":17,"column":48}},"2":{"start":{"line":19,"column":2},"end":{"line":19,"column":62}},"3":{"start":{"line":19,"column":26},"end":{"line":19,"column":62}},"4":{"start":{"line":20,"column":2},"end":{"line":22,"column":3}},"5":{"start":{"line":21,"column":4},"end":{"line":21,"column":103}},"6":{"start":{"line":23,"column":2},"end":{"line":23,"column":12}},"7":{"start":{"line":27,"column":2},"end":{"line":52,"column":4}},"8":{"start":{"line":35,"column":12},"end":{"line":47,"column":17}},"9":{"start":{"line":41,"column":51},"end":{"line":41,"column":67}},"10":{"start":{"line":44,"column":51},"end":{"line":44,"column":69}},"11":{"start":{"line":67,"column":4},"end":{"line":67,"column":70}},"12":{"start":{"line":67,"column":48},"end":{"line":67,"column":70}},"13":{"start":{"line":68,"column":31},"end":{"line":68,"column":63}},"14":{"start":{"line":69,"column":17},"end":{"line":69,"column":47}},"15":{"start":{"line":70,"column":4},"end":{"line":76,"column":5}},"16":{"start":{"line":75,"column":6},"end":{"line":75,"column":28}},"17":{"start":{"line":77,"column":4},"end":{"line":81,"column":20}},"18":{"start":{"line":85,"column":4},"end":{"line":85,"column":78}},"19":{"start":{"line":85,"column":56},"end":{"line":85,"column":78}},"20":{"start":{"line":86,"column":27},"end":{"line":86,"column":59}},"21":{"start":{"line":87,"column":4},"end":{"line":90,"column":50}},"22":{"start":{"line":93,"column":2},"end":{"line":147,"column":4}},"23":{"start":{"line":134,"column":12},"end":{"line":142,"column":17}},"24":{"start":{"line":139,"column":51},"end":{"line":139,"column":75}},"25":{"start":{"line":151,"column":36},"end":{"line":151,"column":48}},"26":{"start":{"line":152,"column":40},"end":{"line":152,"column":52}},"27":{"start":{"line":153,"column":36},"end":{"line":153,"column":48}},"28":{"start":{"line":154,"column":38},"end":{"line":154,"column":50}},"29":{"start":{"line":155,"column":38},"end":{"line":155,"column":50}},"30":{"start":{"line":156,"column":46},"end":{"line":156,"column":58}},"31":{"start":{"line":157,"column":30},"end":{"line":157,"column":42}},"32":{"start":{"line":158,"column":46},"end":{"line":158,"column":60}},"33":{"start":{"line":159,"column":32},"end":{"line":159,"column":67}},"34":{"start":{"line":160,"column":48},"end":{"line":160,"column":60}},"35":{"start":{"line":161,"column":48},"end":{"line":161,"column":60}},"36":{"start":{"line":162,"column":48},"end":{"line":162,"column":60}},"37":{"start":{"line":163,"column":42},"end":{"line":163,"column":54}},"38":{"start":{"line":166,"column":4},"end":{"line":166,"column":21}},"39":{"start":{"line":167,"column":4},"end":{"line":167,"column":23}},"40":{"start":{"line":168,"column":4},"end":{"line":168,"column":21}},"41":{"start":{"line":169,"column":4},"end":{"line":169,"column":22}},"42":{"start":{"line":170,"column":4},"end":{"line":170,"column":22}},"43":{"start":{"line":171,"column":4},"end":{"line":171,"column":26}},"44":{"start":{"line":172,"column":4},"end":{"line":172,"column":28}},"45":{"start":{"line":176,"column":24},"end":{"line":176,"column":40}},"46":{"start":{"line":177,"column":28},"end":{"line":177,"column":58}},"47":{"start":{"line":178,"column":4},"end":{"line":182,"column":5}},"48":{"start":{"line":179,"column":6},"end":{"line":179,"column":41}},"49":{"start":{"line":180,"column":6},"end":{"line":180,"column":34}},"50":{"start":{"line":181,"column":6},"end":{"line":181,"column":13}},"51":{"start":{"line":184,"column":20},"end":{"line":190,"column":5}},"52":{"start":{"line":192,"column":4},"end":{"line":208,"column":5}},"53":{"start":{"line":193,"column":6},"end":{"line":197,"column":8}},"54":{"start":{"line":194,"column":8},"end":{"line":196,"column":9}},"55":{"start":{"line":195,"column":10},"end":{"line":195,"column":72}},"56":{"start":{"line":198,"column":6},"end":{"line":198,"column":48}},"57":{"start":{"line":200,"column":6},"end":{"line":206,"column":9}},"58":{"start":{"line":200,"column":29},"end":{"line":206,"column":7}},"59":{"start":{"line":207,"column":6},"end":{"line":207,"column":46}},"60":{"start":{"line":209,"column":4},"end":{"line":209,"column":16}},"61":{"start":{"line":213,"column":18},"end":{"line":213,"column":60}},"62":{"start":{"line":213,"column":40},"end":{"line":213,"column":59}},"63":{"start":{"line":214,"column":4},"end":{"line":217,"column":5}},"64":{"start":{"line":215,"column":6},"end":{"line":215,"column":51}},"65":{"start":{"line":216,"column":6},"end":{"line":216,"column":13}},"66":{"start":{"line":219,"column":4},"end":{"line":219,"column":35}},"67":{"start":{"line":220,"column":4},"end":{"line":220,"column":39}},"68":{"start":{"line":221,"column":4},"end":{"line":221,"column":35}},"69":{"start":{"line":222,"column":4},"end":{"line":222,"column":37}},"70":{"start":{"line":223,"column":4},"end":{"line":223,"column":37}},"71":{"start":{"line":224,"column":4},"end":{"line":224,"column":26}},"72":{"start":{"line":225,"column":4},"end":{"line":225,"column":32}},"73":{"start":{"line":226,"column":4},"end":{"line":226,"column":52}},"74":{"start":{"line":230,"column":18},"end":{"line":230,"column":60}},"75":{"start":{"line":230,"column":40},"end":{"line":230,"column":59}},"76":{"start":{"line":231,"column":4},"end":{"line":234,"column":5}},"77":{"start":{"line":232,"column":6},"end":{"line":232,"column":51}},"78":{"start":{"line":233,"column":6},"end":{"line":233,"column":13}},"79":{"start":{"line":236,"column":22},"end":{"line":238,"column":5}},"80":{"start":{"line":239,"column":4},"end":{"line":242,"column":5}},"81":{"start":{"line":240,"column":6},"end":{"line":240,"column":51}},"82":{"start":{"line":241,"column":6},"end":{"line":241,"column":13}},"83":{"start":{"line":244,"column":4},"end":{"line":244,"column":74}},"84":{"start":{"line":244,"column":27},"end":{"line":244,"column":72}},"85":{"start":{"line":244,"column":52},"end":{"line":244,"column":71}},"86":{"start":{"line":245,"column":4},"end":{"line":245,"column":48}},"87":{"start":{"line":245,"column":36},"end":{"line":245,"column":48}},"88":{"start":{"line":246,"column":4},"end":{"line":246,"column":45}},"89":{"start":{"line":250,"column":17},"end":{"line":250,"column":39}},"90":{"start":{"line":251,"column":22},"end":{"line":251,"column":65}},"91":{"start":{"line":252,"column":22},"end":{"line":252,"column":73}},"92":{"start":{"line":253,"column":4},"end":{"line":256,"column":5}},"93":{"start":{"line":254,"column":6},"end":{"line":254,"column":73}},"94":{"start":{"line":255,"column":6},"end":{"line":255,"column":13}},"95":{"start":{"line":258,"column":4},"end":{"line":267,"column":6}},"96":{"start":{"line":259,"column":6},"end":{"line":266,"column":7}},"97":{"start":{"line":265,"column":8},"end":{"line":265,"column":66}},"98":{"start":{"line":268,"column":4},"end":{"line":268,"column":27}},"99":{"start":{"line":269,"column":4},"end":{"line":269,"column":27}},"100":{"start":{"line":270,"column":4},"end":{"line":270,"column":27}},"101":{"start":{"line":271,"column":4},"end":{"line":271,"column":41}},"102":{"start":{"line":275,"column":24},"end":{"line":275,"column":78}},"103":{"start":{"line":275,"column":52},"end":{"line":275,"column":77}},"104":{"start":{"line":276,"column":4},"end":{"line":279,"column":5}},"105":{"start":{"line":277,"column":6},"end":{"line":277,"column":57}},"106":{"start":{"line":278,"column":6},"end":{"line":278,"column":13}},"107":{"start":{"line":281,"column":4},"end":{"line":284,"column":5}},"108":{"start":{"line":282,"column":6},"end":{"line":282,"column":57}},"109":{"start":{"line":283,"column":6},"end":{"line":283,"column":13}},"110":{"start":{"line":286,"column":4},"end":{"line":288,"column":6}},"111":{"start":{"line":287,"column":6},"end":{"line":287,"column":71}},"112":{"start":{"line":287,"column":38},"end":{"line":287,"column":70}},"113":{"start":{"line":289,"column":4},"end":{"line":289,"column":51}},"114":{"start":{"line":292,"column":17},"end":{"line":409,"column":3}},"115":{"start":{"line":298,"column":22},"end":{"line":298,"column":82}},"116":{"start":{"line":299,"column":8},"end":{"line":299,"column":28}},"117":{"start":{"line":300,"column":8},"end":{"line":300,"column":52}},"118":{"start":{"line":310,"column":27},"end":{"line":310,"column":61}},"119":{"start":{"line":324,"column":27},"end":{"line":324,"column":59}},"120":{"start":{"line":359,"column":27},"end":{"line":359,"column":60}},"121":{"start":{"line":405,"column":8},"end":{"line":405,"column":78}},"122":{"start":{"line":411,"column":18},"end":{"line":413,"column":3}},"123":{"start":{"line":415,"column":2},"end":{"line":457,"column":4}},"124":{"start":{"line":442,"column":12},"end":{"line":442,"column":73}},"125":{"start":{"line":444,"column":35},"end":{"line":444,"column":73}},"126":{"start":{"line":445,"column":35},"end":{"line":445,"column":73}}},"fnMap":{"0":{"name":"sanitizeTextInput","decl":{"start":{"line":9,"column":9},"end":{"line":9,"column":26}},"loc":{"start":{"line":9,"column":45},"end":{"line":14,"column":1}},"line":9},"1":{"name":"validateHorseName","decl":{"start":{"line":16,"column":9},"end":{"line":16,"column":26}},"loc":{"start":{"line":16,"column":34},"end":{"line":24,"column":1}},"line":16},"2":{"name":"HorseList","decl":{"start":{"line":26,"column":9},"end":{"line":26,"column":18}},"loc":{"start":{"line":26,"column":49},"end":{"line":53,"column":1}},"line":26},"3":{"name":"(anonymous_3)","decl":{"start":{"line":34,"column":22},"end":{"line":34,"column":23}},"loc":{"start":{"line":35,"column":12},"end":{"line":47,"column":17}},"line":35},"4":{"name":"(anonymous_4)","decl":{"start":{"line":41,"column":45},"end":{"line":41,"column":46}},"loc":{"start":{"line":41,"column":51},"end":{"line":41,"column":67}},"line":41},"5":{"name":"(anonymous_5)","decl":{"start":{"line":44,"column":45},"end":{"line":44,"column":46}},"loc":{"start":{"line":44,"column":51},"end":{"line":44,"column":69}},"line":44},"6":{"name":"Appointments","decl":{"start":{"line":55,"column":9},"end":{"line":55,"column":21}},"loc":{"start":{"line":65,"column":3},"end":{"line":148,"column":1}},"line":65},"7":{"name":"formatDate","decl":{"start":{"line":66,"column":11},"end":{"line":66,"column":21}},"loc":{"start":{"line":66,"column":33},"end":{"line":82,"column":3}},"line":66},"8":{"name":"formatTime","decl":{"start":{"line":84,"column":11},"end":{"line":84,"column":21}},"loc":{"start":{"line":84,"column":33},"end":{"line":91,"column":3}},"line":84},"9":{"name":"(anonymous_9)","decl":{"start":{"line":133,"column":28},"end":{"line":133,"column":29}},"loc":{"start":{"line":134,"column":12},"end":{"line":142,"column":17}},"line":134},"10":{"name":"(anonymous_10)","decl":{"start":{"line":139,"column":45},"end":{"line":139,"column":46}},"loc":{"start":{"line":139,"column":51},"end":{"line":139,"column":75}},"line":139},"11":{"name":"App","decl":{"start":{"line":150,"column":24},"end":{"line":150,"column":27}},"loc":{"start":{"line":150,"column":30},"end":{"line":458,"column":1}},"line":150},"12":{"name":"resetForm","decl":{"start":{"line":165,"column":11},"end":{"line":165,"column":20}},"loc":{"start":{"line":165,"column":23},"end":{"line":173,"column":3}},"line":165},"13":{"name":"addHorse","decl":{"start":{"line":175,"column":11},"end":{"line":175,"column":19}},"loc":{"start":{"line":175,"column":22},"end":{"line":210,"column":3}},"line":175},"14":{"name":"(anonymous_14)","decl":{"start":{"line":193,"column":16},"end":{"line":193,"column":17}},"loc":{"start":{"line":194,"column":8},"end":{"line":196,"column":9}},"line":194},"15":{"name":"(anonymous_15)","decl":{"start":{"line":194,"column":20},"end":{"line":194,"column":21}},"loc":{"start":{"line":195,"column":10},"end":{"line":195,"column":72}},"line":195},"16":{"name":"(anonymous_16)","decl":{"start":{"line":200,"column":16},"end":{"line":200,"column":17}},"loc":{"start":{"line":200,"column":29},"end":{"line":206,"column":7}},"line":200},"17":{"name":"editHorse","decl":{"start":{"line":212,"column":11},"end":{"line":212,"column":20}},"loc":{"start":{"line":212,"column":30},"end":{"line":227,"column":3}},"line":212},"18":{"name":"(anonymous_18)","decl":{"start":{"line":213,"column":30},"end":{"line":213,"column":31}},"loc":{"start":{"line":213,"column":40},"end":{"line":213,"column":59}},"line":213},"19":{"name":"deleteHorse","decl":{"start":{"line":229,"column":11},"end":{"line":229,"column":22}},"loc":{"start":{"line":229,"column":32},"end":{"line":247,"column":3}},"line":229},"20":{"name":"(anonymous_20)","decl":{"start":{"line":230,"column":30},"end":{"line":230,"column":31}},"loc":{"start":{"line":230,"column":40},"end":{"line":230,"column":59}},"line":230},"21":{"name":"(anonymous_21)","decl":{"start":{"line":244,"column":14},"end":{"line":244,"column":15}},"loc":{"start":{"line":244,"column":27},"end":{"line":244,"column":72}},"line":244},"22":{"name":"(anonymous_22)","decl":{"start":{"line":244,"column":42},"end":{"line":244,"column":43}},"loc":{"start":{"line":244,"column":52},"end":{"line":244,"column":71}},"line":244},"23":{"name":"addAppointment","decl":{"start":{"line":249,"column":11},"end":{"line":249,"column":25}},"loc":{"start":{"line":249,"column":28},"end":{"line":272,"column":3}},"line":249},"24":{"name":"(anonymous_24)","decl":{"start":{"line":258,"column":20},"end":{"line":258,"column":21}},"loc":{"start":{"line":259,"column":6},"end":{"line":266,"column":7}},"line":259},"25":{"name":"(anonymous_25)","decl":{"start":{"line":264,"column":14},"end":{"line":264,"column":15}},"loc":{"start":{"line":265,"column":8},"end":{"line":265,"column":66}},"line":265},"26":{"name":"deleteAppointment","decl":{"start":{"line":274,"column":11},"end":{"line":274,"column":28}},"loc":{"start":{"line":274,"column":44},"end":{"line":290,"column":3}},"line":274},"27":{"name":"(anonymous_27)","decl":{"start":{"line":275,"column":42},"end":{"line":275,"column":43}},"loc":{"start":{"line":275,"column":52},"end":{"line":275,"column":77}},"line":275},"28":{"name":"(anonymous_28)","decl":{"start":{"line":286,"column":20},"end":{"line":286,"column":21}},"loc":{"start":{"line":287,"column":6},"end":{"line":287,"column":71}},"line":287},"29":{"name":"(anonymous_29)","decl":{"start":{"line":287,"column":21},"end":{"line":287,"column":22}},"loc":{"start":{"line":287,"column":38},"end":{"line":287,"column":70}},"line":287},"30":{"name":"(anonymous_30)","decl":{"start":{"line":297,"column":16},"end":{"line":297,"column":17}},"loc":{"start":{"line":297,"column":27},"end":{"line":301,"column":7}},"line":297},"31":{"name":"(anonymous_31)","decl":{"start":{"line":310,"column":16},"end":{"line":310,"column":17}},"loc":{"start":{"line":310,"column":27},"end":{"line":310,"column":61}},"line":310},"32":{"name":"(anonymous_32)","decl":{"start":{"line":324,"column":16},"end":{"line":324,"column":17}},"loc":{"start":{"line":324,"column":27},"end":{"line":324,"column":59}},"line":324},"33":{"name":"(anonymous_33)","decl":{"start":{"line":359,"column":16},"end":{"line":359,"column":17}},"loc":{"start":{"line":359,"column":27},"end":{"line":359,"column":60}},"line":359},"34":{"name":"(anonymous_34)","decl":{"start":{"line":404,"column":16},"end":{"line":404,"column":17}},"loc":{"start":{"line":405,"column":8},"end":{"line":405,"column":78}},"line":405},"35":{"name":"(anonymous_35)","decl":{"start":{"line":441,"column":24},"end":{"line":441,"column":25}},"loc":{"start":{"line":442,"column":12},"end":{"line":442,"column":73}},"line":442},"36":{"name":"(anonymous_36)","decl":{"start":{"line":444,"column":24},"end":{"line":444,"column":25}},"loc":{"start":{"line":444,"column":35},"end":{"line":444,"column":73}},"line":444},"37":{"name":"(anonymous_37)","decl":{"start":{"line":445,"column":24},"end":{"line":445,"column":25}},"loc":{"start":{"line":445,"column":35},"end":{"line":445,"column":73}},"line":445}},"branchMap":{"0":{"loc":{"start":{"line":10,"column":16},"end":{"line":10,"column":27}},"type":"binary-expr","locations":[{"start":{"line":10,"column":16},"end":{"line":10,"column":21}},{"start":{"line":10,"column":25},"end":{"line":10,"column":27}}],"line":10},"1":{"loc":{"start":{"line":17,"column":29},"end":{"line":17,"column":40}},"type":"binary-expr","locations":[{"start":{"line":17,"column":29},"end":{"line":17,"column":34}},{"start":{"line":17,"column":38},"end":{"line":17,"column":40}}],"line":17},"2":{"loc":{"start":{"line":19,"column":2},"end":{"line":19,"column":62}},"type":"if","locations":[{"start":{"line":19,"column":2},"end":{"line":19,"column":62}},{"start":{},"end":{}}],"line":19},"3":{"loc":{"start":{"line":20,"column":2},"end":{"line":22,"column":3}},"type":"if","locations":[{"start":{"line":20,"column":2},"end":{"line":22,"column":3}},{"start":{},"end":{}}],"line":20},"4":{"loc":{"start":{"line":30,"column":7},"end":{"line":50,"column":7}},"type":"cond-expr","locations":[{"start":{"line":31,"column":8},"end":{"line":31,"column":45}},{"start":{"line":33,"column":8},"end":{"line":49,"column":13}}],"line":30},"5":{"loc":{"start":{"line":37,"column":15},"end":{"line":37,"column":69}},"type":"binary-expr","locations":[{"start":{"line":37,"column":15},"end":{"line":37,"column":27}},{"start":{"line":37,"column":31},"end":{"line":37,"column":69}}],"line":37},"6":{"loc":{"start":{"line":38,"column":15},"end":{"line":38,"column":64}},"type":"binary-expr","locations":[{"start":{"line":38,"column":15},"end":{"line":38,"column":25}},{"start":{"line":38,"column":29},"end":{"line":38,"column":64}}],"line":38},"7":{"loc":{"start":{"line":39,"column":15},"end":{"line":39,"column":66}},"type":"binary-expr","locations":[{"start":{"line":39,"column":15},"end":{"line":39,"column":26}},{"start":{"line":39,"column":30},"end":{"line":39,"column":66}}],"line":39},"8":{"loc":{"start":{"line":40,"column":15},"end":{"line":40,"column":57}},"type":"binary-expr","locations":[{"start":{"line":40,"column":15},"end":{"line":40,"column":26}},{"start":{"line":40,"column":30},"end":{"line":40,"column":57}}],"line":40},"9":{"loc":{"start":{"line":67,"column":4},"end":{"line":67,"column":70}},"type":"if","locations":[{"start":{"line":67,"column":4},"end":{"line":67,"column":70}},{"start":{},"end":{}}],"line":67},"10":{"loc":{"start":{"line":70,"column":4},"end":{"line":76,"column":5}},"type":"if","locations":[{"start":{"line":70,"column":4},"end":{"line":76,"column":5}},{"start":{},"end":{}}],"line":70},"11":{"loc":{"start":{"line":71,"column":6},"end":{"line":73,"column":28}},"type":"binary-expr","locations":[{"start":{"line":71,"column":6},"end":{"line":71,"column":33}},{"start":{"line":72,"column":6},"end":{"line":72,"column":35}},{"start":{"line":73,"column":6},"end":{"line":73,"column":28}}],"line":71},"12":{"loc":{"start":{"line":85,"column":4},"end":{"line":85,"column":78}},"type":"if","locations":[{"start":{"line":85,"column":4},"end":{"line":85,"column":78}},{"start":{},"end":{}}],"line":85},"13":{"loc":{"start":{"line":129,"column":7},"end":{"line":145,"column":7}},"type":"cond-expr","locations":[{"start":{"line":130,"column":8},"end":{"line":130,"column":51}},{"start":{"line":132,"column":8},"end":{"line":144,"column":13}}],"line":129},"14":{"loc":{"start":{"line":178,"column":4},"end":{"line":182,"column":5}},"type":"if","locations":[{"start":{"line":178,"column":4},"end":{"line":182,"column":5}},{"start":{},"end":{}}],"line":178},"15":{"loc":{"start":{"line":192,"column":4},"end":{"line":208,"column":5}},"type":"if","locations":[{"start":{"line":192,"column":4},"end":{"line":208,"column":5}},{"start":{"line":199,"column":11},"end":{"line":208,"column":5}}],"line":192},"16":{"loc":{"start":{"line":195,"column":10},"end":{"line":195,"column":72}},"type":"cond-expr","locations":[{"start":{"line":195,"column":40},"end":{"line":195,"column":64}},{"start":{"line":195,"column":67},"end":{"line":195,"column":72}}],"line":195},"17":{"loc":{"start":{"line":214,"column":4},"end":{"line":217,"column":5}},"type":"if","locations":[{"start":{"line":214,"column":4},"end":{"line":217,"column":5}},{"start":{},"end":{}}],"line":214},"18":{"loc":{"start":{"line":219,"column":17},"end":{"line":219,"column":33}},"type":"binary-expr","locations":[{"start":{"line":219,"column":17},"end":{"line":219,"column":27}},{"start":{"line":219,"column":31},"end":{"line":219,"column":33}}],"line":219},"19":{"loc":{"start":{"line":220,"column":19},"end":{"line":220,"column":37}},"type":"binary-expr","locations":[{"start":{"line":220,"column":19},"end":{"line":220,"column":31}},{"start":{"line":220,"column":35},"end":{"line":220,"column":37}}],"line":220},"20":{"loc":{"start":{"line":221,"column":17},"end":{"line":221,"column":33}},"type":"binary-expr","locations":[{"start":{"line":221,"column":17},"end":{"line":221,"column":27}},{"start":{"line":221,"column":31},"end":{"line":221,"column":33}}],"line":221},"21":{"loc":{"start":{"line":222,"column":18},"end":{"line":222,"column":35}},"type":"binary-expr","locations":[{"start":{"line":222,"column":18},"end":{"line":222,"column":29}},{"start":{"line":222,"column":33},"end":{"line":222,"column":35}}],"line":222},"22":{"loc":{"start":{"line":223,"column":18},"end":{"line":223,"column":35}},"type":"binary-expr","locations":[{"start":{"line":223,"column":18},"end":{"line":223,"column":29}},{"start":{"line":223,"column":33},"end":{"line":223,"column":35}}],"line":223},"23":{"loc":{"start":{"line":231,"column":4},"end":{"line":234,"column":5}},"type":"if","locations":[{"start":{"line":231,"column":4},"end":{"line":234,"column":5}},{"start":{},"end":{}}],"line":231},"24":{"loc":{"start":{"line":239,"column":4},"end":{"line":242,"column":5}},"type":"if","locations":[{"start":{"line":239,"column":4},"end":{"line":242,"column":5}},{"start":{},"end":{}}],"line":239},"25":{"loc":{"start":{"line":245,"column":4},"end":{"line":245,"column":48}},"type":"if","locations":[{"start":{"line":245,"column":4},"end":{"line":245,"column":48}},{"start":{},"end":{}}],"line":245},"26":{"loc":{"start":{"line":253,"column":4},"end":{"line":256,"column":5}},"type":"if","locations":[{"start":{"line":253,"column":4},"end":{"line":256,"column":5}},{"start":{},"end":{}}],"line":253},"27":{"loc":{"start":{"line":253,"column":8},"end":{"line":253,"column":41}},"type":"binary-expr","locations":[{"start":{"line":253,"column":8},"end":{"line":253,"column":13}},{"start":{"line":253,"column":17},"end":{"line":253,"column":27}},{"start":{"line":253,"column":31},"end":{"line":253,"column":41}}],"line":253},"28":{"loc":{"start":{"line":276,"column":4},"end":{"line":279,"column":5}},"type":"if","locations":[{"start":{"line":276,"column":4},"end":{"line":279,"column":5}},{"start":{},"end":{}}],"line":276},"29":{"loc":{"start":{"line":281,"column":4},"end":{"line":284,"column":5}},"type":"if","locations":[{"start":{"line":281,"column":4},"end":{"line":284,"column":5}},{"start":{},"end":{}}],"line":281},"30":{"loc":{"start":{"line":412,"column":12},"end":{"line":412,"column":57}},"type":"cond-expr","locations":[{"start":{"line":412,"column":29},"end":{"line":412,"column":43}},{"start":{"line":412,"column":46},"end":{"line":412,"column":57}}],"line":412}},"s":{"0":8,"1":13,"2":13,"3":1,"4":12,"5":0,"6":12,"7":37,"8":21,"9":1,"10":2,"11":7,"12":0,"13":7,"14":7,"15":7,"16":0,"17":7,"18":7,"19":0,"20":7,"21":7,"22":37,"23":7,"24":1,"25":37,"26":37,"27":37,"28":37,"29":37,"30":37,"31":37,"32":37,"33":37,"34":37,"35":37,"36":37,"37":37,"38":6,"39":6,"40":6,"41":6,"42":6,"43":6,"44":6,"45":7,"46":7,"47":7,"48":1,"49":1,"50":1,"51":6,"52":6,"53":1,"54":1,"55":2,"56":1,"57":5,"58":5,"59":5,"60":6,"61":1,"62":1,"63":1,"64":0,"65":0,"66":1,"67":1,"68":1,"69":1,"70":1,"71":1,"72":1,"73":1,"74":2,"75":2,"76":2,"77":0,"78":0,"79":2,"80":2,"81":1,"82":1,"83":1,"84":1,"85":2,"86":1,"87":0,"88":1,"89":3,"90":3,"91":3,"92":3,"93":1,"94":1,"95":2,"96":2,"97":1,"98":2,"99":2,"100":2,"101":2,"102":1,"103":1,"104":1,"105":0,"106":0,"107":1,"108":0,"109":0,"110":1,"111":1,"112":2,"113":1,"114":37,"115":6,"116":6,"117":6,"118":2,"119":2,"120":2,"121":0,"122":37,"123":37,"124":2,"125":2,"126":2},"f":{"0":8,"1":13,"2":37,"3":21,"4":1,"5":2,"6":37,"7":7,"8":7,"9":7,"10":1,"11":37,"12":6,"13":7,"14":1,"15":2,"16":5,"17":1,"18":1,"19":2,"20":2,"21":1,"22":2,"23":3,"24":2,"25":1,"26":1,"27":1,"28":1,"29":2,"30":6,"31":2,"32":2,"33":2,"34":0,"35":2,"36":2,"37":2},"b":{"0":[8,0],"1":[13,0],"2":[1,12],"3":[0,12],"4":[22,15],"5":[21,13],"6":[21,13],"7":[21,13],"8":[21,0],"9":[0,7],"10":[0,7],"11":[7,7,7],"12":[0,7],"13":[31,6],"14":[1,6],"15":[1,5],"16":[1,1],"17":[0,1],"18":[1,0],"19":[1,0],"20":[1,0],"21":[1,0],"22":[1,1],"23":[0,2],"24":[1,1],"25":[0,1],"26":[1,2],"27":[3,2,2],"28":[0,1],"29":[0,1],"30":[2,35]},"_coverageSchema":"1a1c01bbd47fc00a2c39e90264f33305004495a9","hash":"025bbd876f130c7ab706edcec9be74997f22670b"}
,"/Users/richardburns/Documents/GitHub/SDC445_Interface_Design_II/Horse_Manager_ricbur1110-project-app/src/Button.js": {"path":"/Users/richardburns/Documents/GitHub/SDC445_Interface_Design_II/Horse_Manager_ricbur1110-project-app/src/Button.js","statementMap":{"0":{"start":{"line":2,"column":15},"end":{"line":4,"column":1}},"1":{"start":{"line":3,"column":4},"end":{"line":3,"column":74}}},"fnMap":{"0":{"name":"(anonymous_0)","decl":{"start":{"line":2,"column":15},"end":{"line":2,"column":16}},"loc":{"start":{"line":2,"column":49},"end":{"line":4,"column":1}},"line":2}},"branchMap":{},"s":{"0":0,"1":0},"f":{"0":0},"b":{}}
,"/Users/richardburns/Documents/GitHub/SDC445_Interface_Design_II/Horse_Manager_ricbur1110-project-app/src/ErrorBoundary.js": {"path":"/Users/richardburns/Documents/GitHub/SDC445_Interface_Design_II/Horse_Manager_ricbur1110-project-app/src/ErrorBoundary.js","statementMap":{"0":{"start":{"line":5,"column":4},"end":{"line":5,"column":17}},"1":{"start":{"line":6,"column":4},"end":{"line":6,"column":37}},"2":{"start":{"line":10,"column":4},"end":{"line":10,"column":30}},"3":{"start":{"line":14,"column":4},"end":{"line":14,"column":84}},"4":{"start":{"line":18,"column":4},"end":{"line":28,"column":5}},"5":{"start":{"line":19,"column":6},"end":{"line":27,"column":8}},"6":{"start":{"line":23,"column":47},"end":{"line":23,"column":71}},"7":{"start":{"line":30,"column":4},"end":{"line":30,"column":31}}},"fnMap":{"0":{"name":"(anonymous_0)","decl":{"start":{"line":4,"column":2},"end":{"line":4,"column":3}},"loc":{"start":{"line":4,"column":21},"end":{"line":7,"column":3}},"line":4},"1":{"name":"(anonymous_1)","decl":{"start":{"line":9,"column":2},"end":{"line":9,"column":3}},"loc":{"start":{"line":9,"column":36},"end":{"line":11,"column":3}},"line":9},"2":{"name":"(anonymous_2)","decl":{"start":{"line":13,"column":2},"end":{"line":13,"column":3}},"loc":{"start":{"line":13,"column":33},"end":{"line":15,"column":3}},"line":13},"3":{"name":"(anonymous_3)","decl":{"start":{"line":17,"column":2},"end":{"line":17,"column":3}},"loc":{"start":{"line":17,"column":11},"end":{"line":31,"column":3}},"line":17},"4":{"name":"(anonymous_4)","decl":{"start":{"line":23,"column":41},"end":{"line":23,"column":42}},"loc":{"start":{"line":23,"column":47},"end":{"line":23,"column":71}},"line":23}},"branchMap":{"0":{"loc":{"start":{"line":18,"column":4},"end":{"line":28,"column":5}},"type":"if","locations":[{"start":{"line":18,"column":4},"end":{"line":28,"column":5}},{"start":{},"end":{}}],"line":18}},"s":{"0":3,"1":2,"2":2,"3":1,"4":4,"5":2,"6":0,"7":2},"f":{"0":3,"1":2,"2":1,"3":4,"4":0},"b":{"0":[2,2]},"_coverageSchema":"1a1c01bbd47fc00a2c39e90264f33305004495a9","hash":"08c34905926da4f386b722f98396c28bb5d423de"}
,"/Users/richardburns/Documents/GitHub/SDC445_Interface_Design_II/Horse_Manager_ricbur1110-project-app/src/HorseGraphic.js": {"path":"/Users/richardburns/Documents/GitHub/SDC445_Interface_Design_II/Horse_Manager_ricbur1110-project-app/src/HorseGraphic.js","statementMap":{"0":{"start":{"line":13,"column":0},"end":{"line":20,"column":2}},"1":{"start":{"line":23,"column":23},"end":{"line":23,"column":58}},"2":{"start":{"line":24,"column":20},"end":{"line":24,"column":71}},"3":{"start":{"line":24,"column":32},"end":{"line":24,"column":70}},"4":{"start":{"line":25,"column":26},"end":{"line":25,"column":74}},"5":{"start":{"line":26,"column":25},"end":{"line":31,"column":5}},"6":{"start":{"line":28,"column":12},"end":{"line":30,"column":20}},"7":{"start":{"line":29,"column":27},"end":{"line":29,"column":88}},"8":{"start":{"line":33,"column":29},"end":{"line":40,"column":12}},"9":{"start":{"line":35,"column":12},"end":{"line":39,"column":13}},"10":{"start":{"line":38,"column":20},"end":{"line":38,"column":81}},"11":{"start":{"line":42,"column":22},"end":{"line":50,"column":5}},"12":{"start":{"line":52,"column":25},"end":{"line":71,"column":5}},"13":{"start":{"line":73,"column":24},"end":{"line":77,"column":10}},"14":{"start":{"line":74,"column":22},"end":{"line":74,"column":66}},"15":{"start":{"line":75,"column":8},"end":{"line":75,"column":49}},"16":{"start":{"line":76,"column":8},"end":{"line":76,"column":22}},"17":{"start":{"line":79,"column":27},"end":{"line":88,"column":5}},"18":{"start":{"line":90,"column":30},"end":{"line":109,"column":5}},"19":{"start":{"line":111,"column":4},"end":{"line":135,"column":6}}},"fnMap":{"0":{"name":"HorseGraphic","decl":{"start":{"line":22,"column":9},"end":{"line":22,"column":21}},"loc":{"start":{"line":22,"column":34},"end":{"line":136,"column":1}},"line":22},"1":{"name":"(anonymous_1)","decl":{"start":{"line":24,"column":20},"end":{"line":24,"column":21}},"loc":{"start":{"line":24,"column":32},"end":{"line":24,"column":70}},"line":24},"2":{"name":"(anonymous_2)","decl":{"start":{"line":27,"column":8},"end":{"line":27,"column":9}},"loc":{"start":{"line":28,"column":12},"end":{"line":30,"column":20}},"line":28},"3":{"name":"(anonymous_3)","decl":{"start":{"line":29,"column":16},"end":{"line":29,"column":17}},"loc":{"start":{"line":29,"column":27},"end":{"line":29,"column":88}},"line":29},"4":{"name":"(anonymous_4)","decl":{"start":{"line":34,"column":8},"end":{"line":34,"column":9}},"loc":{"start":{"line":35,"column":12},"end":{"line":39,"column":13}},"line":35},"5":{"name":"(anonymous_5)","decl":{"start":{"line":37,"column":16},"end":{"line":37,"column":17}},"loc":{"start":{"line":38,"column":20},"end":{"line":38,"column":81}},"line":38},"6":{"name":"(anonymous_6)","decl":{"start":{"line":73,"column":42},"end":{"line":73,"column":43}},"loc":{"start":{"line":73,"column":61},"end":{"line":77,"column":5}},"line":73}},"branchMap":{"0":{"loc":{"start":{"line":23,"column":23},"end":{"line":23,"column":58}},"type":"cond-expr","locations":[{"start":{"line":23,"column":47},"end":{"line":23,"column":53}},{"start":{"line":23,"column":56},"end":{"line":23,"column":58}}],"line":23},"1":{"loc":{"start":{"line":24,"column":32},"end":{"line":24,"column":70}},"type":"cond-expr","locations":[{"start":{"line":24,"column":60},"end":{"line":24,"column":65}},{"start":{"line":24,"column":68},"end":{"line":24,"column":70}}],"line":24},"2":{"loc":{"start":{"line":35,"column":12},"end":{"line":39,"column":13}},"type":"binary-expr","locations":[{"start":{"line":35,"column":12},"end":{"line":35,"column":48}},{"start":{"line":36,"column":12},"end":{"line":39,"column":13}}],"line":35},"3":{"loc":{"start":{"line":74,"column":22},"end":{"line":74,"column":66}},"type":"binary-expr","locations":[{"start":{"line":74,"column":22},"end":{"line":74,"column":49}},{"start":{"line":74,"column":53},"end":{"line":74,"column":66}}],"line":74},"4":{"loc":{"start":{"line":75,"column":25},"end":{"line":75,"column":43}},"type":"binary-expr","locations":[{"start":{"line":75,"column":25},"end":{"line":75,"column":38}},{"start":{"line":75,"column":42},"end":{"line":75,"column":43}}],"line":75},"5":{"loc":{"start":{"line":116,"column":17},"end":{"line":120,"column":17}},"type":"cond-expr","locations":[{"start":{"line":117,"column":20},"end":{"line":117,"column":68}},{"start":{"line":119,"column":20},"end":{"line":119,"column":67}}],"line":116},"6":{"loc":{"start":{"line":126,"column":17},"end":{"line":130,"column":17}},"type":"cond-expr","locations":[{"start":{"line":127,"column":20},"end":{"line":127,"column":67}},{"start":{"line":129,"column":20},"end":{"line":129,"column":77}}],"line":126}},"s":{"0":1,"1":2,"2":2,"3":15,"4":2,"5":2,"6":10,"7":10,"8":2,"9":2,"10":1,"11":2,"12":2,"13":2,"14":2,"15":2,"16":2,"17":2,"18":2,"19":2},"f":{"0":2,"1":15,"2":10,"3":10,"4":2,"5":1,"6":2},"b":{"0":[1,1],"1":[8,7],"2":[2,1],"3":[2,1],"4":[2,2],"5":[1,1],"6":[1,1]},"_coverageSchema":"1a1c01bbd47fc00a2c39e90264f33305004495a9","hash":"8400b0825944962d537d7d327b084f8f968818a1"}
,"/Users/richardburns/Documents/GitHub/SDC445_Interface_Design_II/Horse_Manager_ricbur1110-project-app/src/TextField.js": {"path":"/Users/richardburns/Documents/GitHub/SDC445_Interface_Design_II/Horse_Manager_ricbur1110-project-app/src/TextField.js","statementMap":{"0":{"start":{"line":12,"column":2},"end":{"line":48,"column":4}},"1":{"start":{"line":25,"column":12},"end":{"line":27,"column":21}}},"fnMap":{"0":{"name":"TextField","decl":{"start":{"line":1,"column":9},"end":{"line":1,"column":18}},"loc":{"start":{"line":11,"column":3},"end":{"line":49,"column":1}},"line":11},"1":{"name":"(anonymous_1)","decl":{"start":{"line":24,"column":23},"end":{"line":24,"column":24}},"loc":{"start":{"line":25,"column":12},"end":{"line":27,"column":21}},"line":25}},"branchMap":{"0":{"loc":{"start":{"line":15,"column":7},"end":{"line":41,"column":7}},"type":"cond-expr","locations":[{"start":{"line":16,"column":8},"end":{"line":29,"column":17}},{"start":{"line":31,"column":8},"end":{"line":40,"column":10}}],"line":15},"1":{"loc":{"start":{"line":20,"column":24},"end":{"line":20,"column":48}},"type":"cond-expr","locations":[{"start":{"line":20,"column":32},"end":{"line":20,"column":38}},{"start":{"line":20,"column":41},"end":{"line":20,"column":48}}],"line":20},"2":{"loc":{"start":{"line":21,"column":28},"end":{"line":21,"column":61}},"type":"cond-expr","locations":[{"start":{"line":21,"column":36},"end":{"line":21,"column":49}},{"start":{"line":21,"column":52},"end":{"line":21,"column":61}}],"line":21},"3":{"loc":{"start":{"line":23,"column":28},"end":{"line":23,"column":80}},"type":"binary-expr","locations":[{"start":{"line":23,"column":28},"end":{"line":23,"column":45}},{"start":{"line":23,"column":49},"end":{"line":23,"column":80}}],"line":23},"4":{"loc":{"start":{"line":38,"column":24},"end":{"line":38,"column":48}},"type":"cond-expr","locations":[{"start":{"line":38,"column":32},"end":{"line":38,"column":38}},{"start":{"line":38,"column":41},"end":{"line":38,"column":48}}],"line":38},"5":{"loc":{"start":{"line":39,"column":28},"end":{"line":39,"column":61}},"type":"cond-expr","locations":[{"start":{"line":39,"column":36},"end":{"line":39,"column":49}},{"start":{"line":39,"column":52},"end":{"line":39,"column":61}}],"line":39},"6":{"loc":{"start":{"line":42,"column":7},"end":{"line":46,"column":7}},"type":"binary-expr","locations":[{"start":{"line":42,"column":7},"end":{"line":42,"column":12}},{"start":{"line":43,"column":8},"end":{"line":45,"column":12}}],"line":42}},"s":{"0":185,"1":2479},"f":{"0":185,"1":2479},"b":{"0":[111,74],"1":[0,111],"2":[0,111],"3":[111,0],"4":[1,73],"5":[1,73],"6":[185,1]},"_coverageSchema":"1a1c01bbd47fc00a2c39e90264f33305004495a9","hash":"6a946dd64fb4f0f98119cd310a9b434a523cde0f"}
,"/Users/richardburns/Documents/GitHub/SDC445_Interface_Design_II/Horse_Manager_ricbur1110-project-app/src/form.js": {"path":"/Users/richardburns/Documents/GitHub/SDC445_Interface_Design_II/Horse_Manager_ricbur1110-project-app/src/form.js","statementMap":{"0":{"start":{"line":3,"column":37},"end":{"line":3,"column":39}},"1":{"start":{"line":4,"column":38},"end":{"line":4,"column":40}},"2":{"start":{"line":5,"column":32},"end":{"line":5,"column":35}},"3":{"start":{"line":8,"column":2},"end":{"line":29,"column":4}},"4":{"start":{"line":13,"column":8},"end":{"line":13,"column":47}},"5":{"start":{"line":18,"column":10},"end":{"line":25,"column":19}}},"fnMap":{"0":{"name":"HorseForm","decl":{"start":{"line":7,"column":9},"end":{"line":7,"column":18}},"loc":{"start":{"line":7,"column":40},"end":{"line":30,"column":1}},"line":7},"1":{"name":"(anonymous_1)","decl":{"start":{"line":12,"column":18},"end":{"line":12,"column":19}},"loc":{"start":{"line":13,"column":8},"end":{"line":13,"column":47}},"line":13},"2":{"name":"(anonymous_2)","decl":{"start":{"line":17,"column":21},"end":{"line":17,"column":22}},"loc":{"start":{"line":18,"column":10},"end":{"line":25,"column":19}},"line":18}},"branchMap":{},"s":{"0":1,"1":1,"2":1,"3":37,"4":185,"5":37},"f":{"0":37,"1":185,"2":37},"b":{},"_coverageSchema":"1a1c01bbd47fc00a2c39e90264f33305004495a9","hash":"1ae97c7a3784213f22e882995abe182f06d68697"}
,"/Users/richardburns/Documents/GitHub/SDC445_Interface_Design_II/Horse_Manager_ricbur1110-project-app/src/index.js": {"path":"/Users/richardburns/Documents/GitHub/SDC445_Interface_Design_II/Horse_Manager_ricbur1110-project-app/src/index.js","statementMap":{"0":{"start":{"line":7,"column":13},"end":{"line":7,"column":65}},"1":{"start":{"line":9,"column":0},"end":{"line":15,"column":2}}},"fnMap":{},"branchMap":{},"s":{"0":0,"1":0},"f":{},"b":{}}
}
