TN:
SF:src/App.js
FN:9,sanitizeTextInput
FN:16,validateHorseName
FN:26,HorseList
FN:34,(anonymous_3)
FN:41,(anonymous_4)
FN:44,(anonymous_5)
FN:55,Appointments
FN:66,formatDate
FN:84,formatTime
FN:133,(anonymous_9)
FN:139,(anonymous_10)
FN:150,App
FN:165,resetForm
FN:175,addHorse
FN:193,(anonymous_14)
FN:194,(anonymous_15)
FN:200,(anonymous_16)
FN:212,editHorse
FN:213,(anonymous_18)
FN:229,deleteHorse
FN:230,(anonymous_20)
FN:244,(anonymous_21)
FN:244,(anonymous_22)
FN:249,addAppointment
FN:258,(anonymous_24)
FN:264,(anonymous_25)
FN:274,deleteAppointment
FN:275,(anonymous_27)
FN:286,(anonymous_28)
FN:287,(anonymous_29)
FN:297,(anonymous_30)
FN:310,(anonymous_31)
FN:324,(anonymous_32)
FN:359,(anonymous_33)
FN:404,(anonymous_34)
FN:441,(anonymous_35)
FN:444,(anonymous_36)
FN:445,(anonymous_37)
FNF:38
FNH:37
FNDA:8,sanitizeTextInput
FNDA:13,validateHorseName
FNDA:37,HorseList
FNDA:21,(anonymous_3)
FNDA:1,(anonymous_4)
FNDA:2,(anonymous_5)
FNDA:37,Appointments
FNDA:7,formatDate
FNDA:7,formatTime
FNDA:7,(anonymous_9)
FNDA:1,(anonymous_10)
FNDA:37,App
FNDA:6,resetForm
FNDA:7,addHorse
FNDA:1,(anonymous_14)
FNDA:2,(anonymous_15)
FNDA:5,(anonymous_16)
FNDA:1,editHorse
FNDA:1,(anonymous_18)
FNDA:2,deleteHorse
FNDA:2,(anonymous_20)
FNDA:1,(anonymous_21)
FNDA:2,(anonymous_22)
FNDA:3,addAppointment
FNDA:2,(anonymous_24)
FNDA:1,(anonymous_25)
FNDA:1,deleteAppointment
FNDA:1,(anonymous_27)
FNDA:1,(anonymous_28)
FNDA:2,(anonymous_29)
FNDA:6,(anonymous_30)
FNDA:2,(anonymous_31)
FNDA:2,(anonymous_32)
FNDA:2,(anonymous_33)
FNDA:0,(anonymous_34)
FNDA:2,(anonymous_35)
FNDA:2,(anonymous_36)
FNDA:2,(anonymous_37)
DA:10,8
DA:17,13
DA:19,13
DA:20,12
DA:21,0
DA:23,12
DA:27,37
DA:35,21
DA:41,1
DA:44,2
DA:67,7
DA:68,7
DA:69,7
DA:70,7
DA:75,0
DA:77,7
DA:85,7
DA:86,7
DA:87,7
DA:93,37
DA:134,7
DA:139,1
DA:151,37
DA:152,37
DA:153,37
DA:154,37
DA:155,37
DA:156,37
DA:157,37
DA:158,37
DA:159,37
DA:160,37
DA:161,37
DA:162,37
DA:163,37
DA:166,6
DA:167,6
DA:168,6
DA:169,6
DA:170,6
DA:171,6
DA:172,6
DA:176,7
DA:177,7
DA:178,7
DA:179,1
DA:180,1
DA:181,1
DA:184,6
DA:192,6
DA:193,1
DA:194,1
DA:195,2
DA:198,1
DA:200,5
DA:207,5
DA:209,6
DA:213,1
DA:214,1
DA:215,0
DA:216,0
DA:219,1
DA:220,1
DA:221,1
DA:222,1
DA:223,1
DA:224,1
DA:225,1
DA:226,1
DA:230,2
DA:231,2
DA:232,0
DA:233,0
DA:236,2
DA:239,2
DA:240,1
DA:241,1
DA:244,2
DA:245,1
DA:246,1
DA:250,3
DA:251,3
DA:252,3
DA:253,3
DA:254,1
DA:255,1
DA:258,2
DA:259,2
DA:265,1
DA:268,2
DA:269,2
DA:270,2
DA:271,2
DA:275,1
DA:276,1
DA:277,0
DA:278,0
DA:281,1
DA:282,0
DA:283,0
DA:286,1
DA:287,2
DA:289,1
DA:292,37
DA:298,6
DA:299,6
DA:300,6
DA:310,2
DA:324,2
DA:359,2
DA:405,0
DA:411,37
DA:415,37
DA:442,2
DA:444,2
DA:445,2
LF:116
LH:105
BRDA:10,0,0,8
BRDA:10,0,1,0
BRDA:17,1,0,13
BRDA:17,1,1,0
BRDA:19,2,0,1
BRDA:19,2,1,12
BRDA:20,3,0,0
BRDA:20,3,1,12
BRDA:30,4,0,22
BRDA:30,4,1,15
BRDA:37,5,0,21
BRDA:37,5,1,13
BRDA:38,6,0,21
BRDA:38,6,1,13
BRDA:39,7,0,21
BRDA:39,7,1,13
BRDA:40,8,0,21
BRDA:40,8,1,0
BRDA:67,9,0,0
BRDA:67,9,1,7
BRDA:70,10,0,0
BRDA:70,10,1,7
BRDA:71,11,0,7
BRDA:71,11,1,7
BRDA:71,11,2,7
BRDA:85,12,0,0
BRDA:85,12,1,7
BRDA:129,13,0,31
BRDA:129,13,1,6
BRDA:178,14,0,1
BRDA:178,14,1,6
BRDA:192,15,0,1
BRDA:192,15,1,5
BRDA:195,16,0,1
BRDA:195,16,1,1
BRDA:214,17,0,0
BRDA:214,17,1,1
BRDA:219,18,0,1
BRDA:219,18,1,0
BRDA:220,19,0,1
BRDA:220,19,1,0
BRDA:221,20,0,1
BRDA:221,20,1,0
BRDA:222,21,0,1
BRDA:222,21,1,0
BRDA:223,22,0,1
BRDA:223,22,1,1
BRDA:231,23,0,0
BRDA:231,23,1,2
BRDA:239,24,0,1
BRDA:239,24,1,1
BRDA:245,25,0,0
BRDA:245,25,1,1
BRDA:253,26,0,1
BRDA:253,26,1,2
BRDA:253,27,0,3
BRDA:253,27,1,2
BRDA:253,27,2,2
BRDA:276,28,0,0
BRDA:276,28,1,1
BRDA:281,29,0,0
BRDA:281,29,1,1
BRDA:412,30,0,2
BRDA:412,30,1,35
BRF:64
BRH:48
end_of_record
TN:
SF:src/Button.js
FN:2,(anonymous_0)
FNF:1
FNH:0
FNDA:0,(anonymous_0)
DA:2,0
DA:3,0
LF:2
LH:0
BRF:0
BRH:0
end_of_record
TN:
SF:src/ErrorBoundary.js
FN:4,(anonymous_0)
FN:9,(anonymous_1)
FN:13,(anonymous_2)
FN:17,(anonymous_3)
FN:23,(anonymous_4)
FNF:5
FNH:4
FNDA:3,(anonymous_0)
FNDA:2,(anonymous_1)
FNDA:1,(anonymous_2)
FNDA:4,(anonymous_3)
FNDA:0,(anonymous_4)
DA:5,3
DA:6,2
DA:10,2
DA:14,1
DA:18,4
DA:19,2
DA:23,0
DA:30,2
LF:8
LH:7
BRDA:18,0,0,2
BRDA:18,0,1,2
BRF:2
BRH:2
end_of_record
TN:
SF:src/HorseGraphic.js
FN:22,HorseGraphic
FN:24,(anonymous_1)
FN:27,(anonymous_2)
FN:29,(anonymous_3)
FN:34,(anonymous_4)
FN:37,(anonymous_5)
FN:73,(anonymous_6)
FNF:7
FNH:7
FNDA:2,HorseGraphic
FNDA:15,(anonymous_1)
FNDA:10,(anonymous_2)
FNDA:10,(anonymous_3)
FNDA:2,(anonymous_4)
FNDA:1,(anonymous_5)
FNDA:2,(anonymous_6)
DA:13,1
DA:23,2
DA:24,15
DA:25,2
DA:26,2
DA:28,10
DA:29,10
DA:33,2
DA:35,2
DA:38,1
DA:42,2
DA:52,2
DA:73,2
DA:74,2
DA:75,2
DA:76,2
DA:79,2
DA:90,2
DA:111,2
LF:19
LH:19
BRDA:23,0,0,1
BRDA:23,0,1,1
BRDA:24,1,0,8
BRDA:24,1,1,7
BRDA:35,2,0,2
BRDA:35,2,1,1
BRDA:74,3,0,2
BRDA:74,3,1,1
BRDA:75,4,0,2
BRDA:75,4,1,2
BRDA:116,5,0,1
BRDA:116,5,1,1
BRDA:126,6,0,1
BRDA:126,6,1,1
BRF:14
BRH:14
end_of_record
TN:
SF:src/TextField.js
FN:1,TextField
FN:24,(anonymous_1)
FNF:2
FNH:2
FNDA:185,TextField
FNDA:2479,(anonymous_1)
DA:12,185
DA:25,2479
LF:2
LH:2
BRDA:15,0,0,111
BRDA:15,0,1,74
BRDA:20,1,0,0
BRDA:20,1,1,111
BRDA:21,2,0,0
BRDA:21,2,1,111
BRDA:23,3,0,111
BRDA:23,3,1,0
BRDA:38,4,0,1
BRDA:38,4,1,73
BRDA:39,5,0,1
BRDA:39,5,1,73
BRDA:42,6,0,185
BRDA:42,6,1,1
BRF:14
BRH:11
end_of_record
TN:
SF:src/form.js
FN:7,HorseForm
FN:12,(anonymous_1)
FN:17,(anonymous_2)
FNF:3
FNH:3
FNDA:37,HorseForm
FNDA:185,(anonymous_1)
FNDA:37,(anonymous_2)
DA:3,1
DA:4,1
DA:5,1
DA:8,37
DA:13,185
DA:18,37
LF:6
LH:6
BRF:0
BRH:0
end_of_record
TN:
SF:src/index.js
FNF:0
FNH:0
DA:7,0
DA:9,0
LF:2
LH:0
BRF:0
BRH:0
end_of_record
